"../../../Engine/Content/EngineMaterials/T_Default_Material_Grid_M.ubulk" 0
"../../../Engine/Content/EngineMaterials/T_Default_Material_Grid_M.uasset" 1
"../../../Engine/Content/EngineMaterials/T_Default_Material_Grid_M.uexp" 2
"../../../Engine/Content/EngineMaterials/T_Default_Material_Grid_N.ubulk" 3
"../../../Engine/Content/EngineMaterials/T_Default_Material_Grid_N.uasset" 4
"../../../Engine/Content/EngineMaterials/T_Default_Material_Grid_N.uexp" 5
"../../../Engine/Content/Functions/Engine_MaterialFunctions01/Opacity/CameraDepthFade.uasset" 6
"../../../Engine/Content/Functions/Engine_MaterialFunctions01/Opacity/CameraDepthFade.uexp" 7
"../../../Engine/Content/EngineMaterials/WorldGridMaterial.uasset" 8
"../../../Engine/Content/EngineMaterials/WorldGridMaterial.uexp" 9
"../../../Engine/Content/BasicShapes/Plane.ubulk" 10
"../../../Engine/Content/BasicShapes/Plane.uasset" 11
"../../../Engine/Content/BasicShapes/Plane.uexp" 12
"../../../Engine/Content/EngineMaterials/DefaultMaterial.uasset" 13
"../../../Engine/Content/EngineMaterials/DefaultMaterial.uexp" 14
"../../../Engine/Content/BasicShapes/Cylinder.ubulk" 15
"../../../Engine/Content/BasicShapes/Cylinder.uasset" 16
"../../../Engine/Content/BasicShapes/Cylinder.uexp" 17
"../../../Engine/Content/BasicShapes/Cube.ubulk" 18
"../../../Engine/Content/BasicShapes/Cube.uasset" 19
"../../../Engine/Content/BasicShapes/Cube.uexp" 20
"../../../Engine/Content/BasicShapes/Cone.ubulk" 21
"../../../Engine/Content/BasicShapes/Cone.uasset" 22
"../../../Engine/Content/BasicShapes/Cone.uexp" 23
"../../../Engine/Content/ArtTools/RenderToTexture/Meshes/S_1_Unit_Plane.ubulk" 24
"../../../Engine/Content/ArtTools/RenderToTexture/Meshes/S_1_Unit_Plane.uasset" 25
"../../../Engine/Content/ArtTools/RenderToTexture/Meshes/S_1_Unit_Plane.uexp" 26
"../../../Engine/Content/EditorLandscapeResources/DefaultAlphaTexture.uasset" 27
"../../../Engine/Content/EditorLandscapeResources/DefaultAlphaTexture.uexp" 28
"../../../Engine/Content/EditorLandscapeResources/DataLayer.uasset" 29
"../../../Engine/Content/EditorLandscapeResources/DataLayer.uexp" 30
"../../../Engine/Content/EditorMaterials/PreviewShadowIndicator.ubulk" 31
"../../../Engine/Content/EditorMaterials/PreviewShadowIndicator.uasset" 32
"../../../Engine/Content/EditorMaterials/PreviewShadowIndicator.uexp" 33
"../../../Engine/Content/EditorMaterials/PreviewShadowIndicatorMaterial.uasset" 34
"../../../Engine/Content/EditorMaterials/PreviewShadowIndicatorMaterial.uexp" 35
"../../../Engine/Content/EditorMaterials/MAT_Groups_Visibility.uasset" 36
"../../../Engine/Content/EditorMaterials/MAT_Groups_Visibility.uexp" 37
"../../../Engine/Content/EditorMaterials/MAT_Groups_Toggle.uasset" 38
"../../../Engine/Content/EditorMaterials/MAT_Groups_Toggle.uexp" 39
"../../../Engine/Content/EditorMaterials/MatineeGroups/MAT_Groups_Vector.uasset" 40
"../../../Engine/Content/EditorMaterials/MatineeGroups/MAT_Groups_Vector.uexp" 41
"../../../Engine/Content/EditorMaterials/MatineeGroups/MAT_Groups_Sound.uasset" 42
"../../../Engine/Content/EditorMaterials/MatineeGroups/MAT_Groups_Sound.uexp" 43
"../../../Engine/Content/EditorMaterials/MatineeGroups/MAT_Groups_Slomo.uasset" 44
"../../../Engine/Content/EditorMaterials/MatineeGroups/MAT_Groups_Slomo.uexp" 45
"../../../Engine/Content/EditorMaterials/MatineeGroups/MAT_Groups_Move.uasset" 46
"../../../Engine/Content/EditorMaterials/MatineeGroups/MAT_Groups_Move.uexp" 47
"../../../Engine/Content/EditorMaterials/MatineeGroups/MAT_Groups_Float.uasset" 48
"../../../Engine/Content/EditorMaterials/MatineeGroups/MAT_Groups_Float.uexp" 49
"../../../Engine/Content/EditorMaterials/MatineeGroups/MAT_Groups_Fade.uasset" 50
"../../../Engine/Content/EditorMaterials/MatineeGroups/MAT_Groups_Fade.uexp" 51
"../../../Engine/Content/EditorMaterials/MatineeGroups/MAT_Groups_Event.uasset" 52
"../../../Engine/Content/EditorMaterials/MatineeGroups/MAT_Groups_Event.uexp" 53
"../../../Engine/Content/EditorMaterials/MatineeGroups/MAT_Groups_Director.uasset" 54
"../../../Engine/Content/EditorMaterials/MatineeGroups/MAT_Groups_Director.uexp" 55
"../../../Engine/Content/EditorMaterials/MatineeGroups/MAT_Groups_AudioMaster.uasset" 56
"../../../Engine/Content/EditorMaterials/MatineeGroups/MAT_Groups_AudioMaster.uexp" 57
"../../../Engine/Content/EditorMaterials/MatineeGroups/MAT_Groups_Anim.uasset" 58
"../../../Engine/Content/EditorMaterials/MatineeGroups/MAT_Groups_Anim.uexp" 59
"../../../Engine/Content/EditorMaterials/MatineeGroups/MAT_ColorTrack.uasset" 60
"../../../Engine/Content/EditorMaterials/MatineeGroups/MAT_ColorTrack.uexp" 61
"../../../Engine/Content/EditorMaterials/ParticleSystems/PSysThumbnail_OOD.ubulk" 62
"../../../Engine/Content/EditorMaterials/ParticleSystems/PSysThumbnail_OOD.uasset" 63
"../../../Engine/Content/EditorMaterials/ParticleSystems/PSysThumbnail_OOD.uexp" 64
"../../../Engine/Content/EditorMaterials/ParticleSystems/PSysThumbnail_NoImage.ubulk" 65
"../../../Engine/Content/EditorMaterials/ParticleSystems/PSysThumbnail_NoImage.uasset" 66
"../../../Engine/Content/EditorMaterials/ParticleSystems/PSysThumbnail_NoImage.uexp" 67
"../../../Engine/Content/Functions/Engine_MaterialFunctions02/Utility/MakeFloat4.uasset" 68
"../../../Engine/Content/Functions/Engine_MaterialFunctions02/Utility/MakeFloat4.uexp" 69
"../../../Engine/Content/Functions/Engine_MaterialFunctions02/Utility/MakeFloat3.uasset" 70
"../../../Engine/Content/Functions/Engine_MaterialFunctions02/Utility/MakeFloat3.uexp" 71
"../../../Engine/Content/Functions/Engine_MaterialFunctions02/Utility/BreakOutFloat3Components.uasset" 72
"../../../Engine/Content/Functions/Engine_MaterialFunctions02/Utility/BreakOutFloat3Components.uexp" 73
"../../../Engine/Content/EditorMaterials/WorldPartition/WorldPartitionSpatialHashGridPreviewMaterial.uasset" 74
"../../../Engine/Content/EditorMaterials/WorldPartition/WorldPartitionSpatialHashGridPreviewMaterial.uexp" 75
"../../../Engine/Content/EditorMaterials/Camera/CineMat.uasset" 76
"../../../Engine/Content/EditorMaterials/Camera/CineMat.uexp" 77
"../../../Engine/Content/EditorMaterials/Camera/MI_CineMat_Rig.uasset" 78
"../../../Engine/Content/EditorMaterials/Camera/MI_CineMat_Rig.uexp" 79
"../../../Engine/Content/EditorMeshes/Camera/SM_RailRig_Track.ubulk" 80
"../../../Engine/Content/EditorMeshes/Camera/SM_RailRig_Track.uasset" 81
"../../../Engine/Content/EditorMeshes/Camera/SM_RailRig_Track.uexp" 82
"../../../Engine/Content/EditorMeshes/Camera/SM_RailRig_Mount.ubulk" 83
"../../../Engine/Content/EditorMeshes/Camera/SM_RailRig_Mount.uasset" 84
"../../../Engine/Content/EditorMeshes/Camera/SM_RailRig_Mount.uexp" 85
"../../../Engine/Content/EditorMeshes/Camera/SM_CraneRig_Mount.ubulk" 86
"../../../Engine/Content/EditorMeshes/Camera/SM_CraneRig_Mount.uasset" 87
"../../../Engine/Content/EditorMeshes/Camera/SM_CraneRig_Mount.uexp" 88
"../../../Engine/Content/EditorMeshes/Camera/SM_CraneRig_Body.ubulk" 89
"../../../Engine/Content/EditorMeshes/Camera/SM_CraneRig_Body.uasset" 90
"../../../Engine/Content/EditorMeshes/Camera/SM_CraneRig_Body.uexp" 91
"../../../Engine/Content/EditorMeshes/Camera/SM_CraneRig_Base.ubulk" 92
"../../../Engine/Content/EditorMeshes/Camera/SM_CraneRig_Base.uasset" 93
"../../../Engine/Content/EditorMeshes/Camera/SM_CraneRig_Base.uexp" 94
"../../../Engine/Content/EditorMeshes/Camera/SM_CraneRig_Arm.ubulk" 95
"../../../Engine/Content/EditorMeshes/Camera/SM_CraneRig_Arm.uasset" 96
"../../../Engine/Content/EditorMeshes/Camera/SM_CraneRig_Arm.uexp" 97
"../../../Engine/Content/EditorResources/S_TriggerSphere.uasset" 98
"../../../Engine/Content/EditorResources/S_TriggerSphere.uexp" 99
"../../../Engine/Content/EditorResources/S_TriggerCapsule.uasset" 100
"../../../Engine/Content/EditorResources/S_TriggerCapsule.uexp" 101
"../../../Engine/Content/EditorResources/S_TriggerBox.uasset" 102
"../../../Engine/Content/EditorResources/S_TriggerBox.uexp" 103
"../../../Engine/Content/EditorResources/S_Trigger.ubulk" 104
"../../../Engine/Content/EditorResources/S_Trigger.uasset" 105
"../../../Engine/Content/EditorResources/S_Trigger.uexp" 106
"../../../Engine/Content/EditorResources/S_Terrain.ubulk" 107
"../../../Engine/Content/EditorResources/S_Terrain.uasset" 108
"../../../Engine/Content/EditorResources/S_Terrain.uexp" 109
"../../../Engine/Content/EditorResources/S_Solver.ubulk" 110
"../../../Engine/Content/EditorResources/S_Solver.uasset" 111
"../../../Engine/Content/EditorResources/S_Solver.uexp" 112
"../../../Engine/Content/EditorResources/S_BoxReflectionCapture.uasset" 113
"../../../Engine/Content/EditorResources/S_BoxReflectionCapture.uexp" 114
"../../../Engine/Content/EditorResources/S_Actor.ubulk" 115
"../../../Engine/Content/EditorResources/S_Actor.uasset" 116
"../../../Engine/Content/EditorResources/S_Actor.uexp" 117
"../../../Engine/Content/EditorResources/EmptyActor.uasset" 118
"../../../Engine/Content/EditorResources/EmptyActor.uexp" 119
"../../../Engine/Content/EditorResources/BSPVertex.uasset" 120
"../../../Engine/Content/EditorResources/BSPVertex.uexp" 121
"../../../Engine/Content/EditorResources/SequenceRecorder/RecordingIndicator.uasset" 122
"../../../Engine/Content/EditorResources/SequenceRecorder/RecordingIndicator.uexp" 123
"../../../Engine/Content/EditorResources/SequenceRecorder/Countdown.uasset" 124
"../../../Engine/Content/EditorResources/SequenceRecorder/Countdown.uexp" 125
"../../../Engine/Content/EngineDamageTypes/DmgTypeBP_Environmental.uasset" 126
"../../../Engine/Content/EngineDamageTypes/DmgTypeBP_Environmental.uexp" 127
"../../../Engine/Content/Functions/Engine_MaterialFunctions02/Utility/CameraDirectionVector.uasset" 128
"../../../Engine/Content/Functions/Engine_MaterialFunctions02/Utility/CameraDirectionVector.uexp" 129
"../../../Engine/Content/EngineDebugMaterials/VolumeToRender.uasset" 130
"../../../Engine/Content/EngineDebugMaterials/VolumeToRender.uexp" 131
"../../../Engine/Content/EngineDebugMaterials/M_VolumeRenderSphereTracePP.uasset" 132
"../../../Engine/Content/EngineDebugMaterials/M_VolumeRenderSphereTracePP.uexp" 133
"../../../Engine/Content/EngineDebugMaterials/M_SimpleUnlitTranslucent.uasset" 134
"../../../Engine/Content/EngineDebugMaterials/M_SimpleUnlitTranslucent.uexp" 135
"../../../Engine/Content/EngineDebugMaterials/DebugMeshMaterial.uasset" 136
"../../../Engine/Content/EngineDebugMaterials/DebugMeshMaterial.uexp" 137
"../../../Engine/Content/EngineDebugMaterials/DebugEditorMaterial.uasset" 138
"../../../Engine/Content/EngineDebugMaterials/DebugEditorMaterial.uexp" 139
"../../../Engine/Content/EngineFonts/Faces/RobotoLight.uexp" 140
"../../../Engine/Content/EngineFonts/Faces/RobotoLight.uasset" 141
"../../../Engine/Content/EngineFonts/Faces/RobotoLight.ufont" 142
"../../../Engine/Content/EngineFonts/Faces/RobotoBold.uexp" 143
"../../../Engine/Content/EngineFonts/Faces/RobotoBold.uasset" 144
"../../../Engine/Content/EngineFonts/Faces/RobotoBold.ufont" 145
"../../../Engine/Content/EngineFonts/Faces/RobotoRegular.uexp" 146
"../../../Engine/Content/EngineFonts/Faces/RobotoRegular.uasset" 147
"../../../Engine/Content/EngineFonts/Faces/RobotoRegular.ufont" 148
"../../../Engine/Content/EngineFonts/Faces/DroidSansFallback.uexp" 149
"../../../Engine/Content/EngineFonts/Faces/DroidSansFallback.uasset" 150
"../../../Engine/Content/EngineFonts/Faces/DroidSansFallback.ufont" 151
"../../../Engine/Content/EngineFonts/Faces/RobotoItalic.uexp" 152
"../../../Engine/Content/EngineFonts/Faces/RobotoItalic.uasset" 153
"../../../Engine/Content/EngineFonts/Faces/RobotoItalic.ufont" 154
"../../../Engine/Content/EngineFonts/Faces/RobotoBoldItalic.uexp" 155
"../../../Engine/Content/EngineFonts/Faces/RobotoBoldItalic.uasset" 156
"../../../Engine/Content/EngineFonts/Faces/RobotoBoldItalic.ufont" 157
"../../../Engine/Content/EngineFonts/Roboto.uasset" 158
"../../../Engine/Content/EngineFonts/Roboto.uexp" 159
"../../../Engine/Content/EngineResources/WhiteSquareTexture.uasset" 160
"../../../Engine/Content/EngineResources/WhiteSquareTexture.uexp" 161
"../../../Engine/Content/EngineMaterials/Widget3DPassThrough.uasset" 162
"../../../Engine/Content/EngineMaterials/Widget3DPassThrough.uexp" 163
"../../../Engine/Content/EngineMaterials/Widget3DPassThrough_Translucent.uasset" 164
"../../../Engine/Content/EngineMaterials/Widget3DPassThrough_Translucent.uexp" 165
"../../../Engine/Content/EngineMaterials/Widget3DPassThrough_Translucent_OneSided.uasset" 166
"../../../Engine/Content/EngineMaterials/Widget3DPassThrough_Translucent_OneSided.uexp" 167
"../../../Engine/Content/EngineMaterials/Widget3DPassThrough_Opaque.uasset" 168
"../../../Engine/Content/EngineMaterials/Widget3DPassThrough_Opaque.uexp" 169
"../../../Engine/Content/EngineMaterials/Widget3DPassThrough_Opaque_OneSided.uasset" 170
"../../../Engine/Content/EngineMaterials/Widget3DPassThrough_Opaque_OneSided.uexp" 171
"../../../Engine/Content/EngineMaterials/Widget3DPassThrough_Masked_OneSided.uasset" 172
"../../../Engine/Content/EngineMaterials/Widget3DPassThrough_Masked_OneSided.uexp" 173
"../../../Engine/Content/EngineMaterials/Widget3DPassThrough_Masked.uasset" 174
"../../../Engine/Content/EngineMaterials/Widget3DPassThrough_Masked.uexp" 175
"../../../Engine/Content/EngineMaterials/WeightMapPlaceholderTexture.uasset" 176
"../../../Engine/Content/EngineMaterials/WeightMapPlaceholderTexture.uexp" 177
"../../../Engine/Content/EngineMaterials/RemoveSurfaceMaterial.uasset" 178
"../../../Engine/Content/EngineMaterials/RemoveSurfaceMaterial.uexp" 179
"../../../Engine/Content/EngineMaterials/PreintegratedSkinBRDF.uasset" 180
"../../../Engine/Content/EngineMaterials/PreintegratedSkinBRDF.uexp" 181
"../../../Engine/Content/EngineMaterials/DefaultCalibrationGrayscale.uasset" 182
"../../../Engine/Content/EngineMaterials/DefaultCalibrationGrayscale.uexp" 183
"../../../Engine/Content/EngineMaterials/PPM_DefaultCalibrationGrayscale.uasset" 184
"../../../Engine/Content/EngineMaterials/PPM_DefaultCalibrationGrayscale.uexp" 185
"../../../Engine/Content/EngineMaterials/DefaultCalibrationColor.uasset" 186
"../../../Engine/Content/EngineMaterials/DefaultCalibrationColor.uexp" 187
"../../../Engine/Content/EngineMaterials/PPM_DefaultCalibrationColor.uasset" 188
"../../../Engine/Content/EngineMaterials/PPM_DefaultCalibrationColor.uexp" 189
"../../../Engine/Content/Functions/Engine_MaterialFunctions02/WorldPositionOffset/CameraOffset.uasset" 190
"../../../Engine/Content/Functions/Engine_MaterialFunctions02/WorldPositionOffset/CameraOffset.uexp" 191
"../../../Engine/Content/EngineMaterials/PhAT_JointLimitMaterial.uasset" 192
"../../../Engine/Content/EngineMaterials/PhAT_JointLimitMaterial.uexp" 193
"../../../Engine/Content/EngineMaterials/InvalidLightmapSettings.ubulk" 194
"../../../Engine/Content/EngineMaterials/InvalidLightmapSettings.uasset" 195
"../../../Engine/Content/EngineMaterials/InvalidLightmapSettings.uexp" 196
"../../../Engine/Content/EngineMaterials/M_InvalidLightmapSettings.uasset" 197
"../../../Engine/Content/EngineMaterials/M_InvalidLightmapSettings.uexp" 198
"../../../Engine/Content/EngineMaterials/MiniFont.uasset" 199
"../../../Engine/Content/EngineMaterials/MiniFont.uexp" 200
"../../../Engine/Content/EngineMaterials/Good64x64TilingNoiseHighFreq.uasset" 201
"../../../Engine/Content/EngineMaterials/Good64x64TilingNoiseHighFreq.uexp" 202
"../../../Engine/Content/EngineMaterials/GizmoMaterial.uasset" 203
"../../../Engine/Content/EngineMaterials/GizmoMaterial.uexp" 204
"../../../Engine/Content/EngineMaterials/BaseFlattenEmissiveMap_VT.uasset" 205
"../../../Engine/Content/EngineMaterials/BaseFlattenEmissiveMap_VT.uexp" 206
"../../../Engine/Content/EngineMaterials/BaseFlattenGrayscaleMap_VT.uasset" 207
"../../../Engine/Content/EngineMaterials/BaseFlattenGrayscaleMap_VT.uexp" 208
"../../../Engine/Content/EngineMaterials/BaseFlattenLinearColor_VT.uasset" 209
"../../../Engine/Content/EngineMaterials/BaseFlattenLinearColor_VT.uexp" 210
"../../../Engine/Content/EngineMaterials/Black_1x1_EXR_Texture_VT.uasset" 211
"../../../Engine/Content/EngineMaterials/Black_1x1_EXR_Texture_VT.uexp" 212
"../../../Engine/Content/EngineMaterials/BaseFlattenDiffuseMap_VT.uasset" 213
"../../../Engine/Content/EngineMaterials/BaseFlattenDiffuseMap_VT.uexp" 214
"../../../Engine/Content/EngineMaterials/BaseFlattenNormalMap_VT.uasset" 215
"../../../Engine/Content/EngineMaterials/BaseFlattenNormalMap_VT.uexp" 216
"../../../Engine/Content/EngineMaterials/FlattenMaterial_WS_Normal_VT.uasset" 217
"../../../Engine/Content/EngineMaterials/FlattenMaterial_WS_Normal_VT.uexp" 218
"../../../Engine/Content/EngineMaterials/FlattenMaterial_VT.uasset" 219
"../../../Engine/Content/EngineMaterials/FlattenMaterial_VT.uexp" 220
"../../../Engine/Content/EngineMaterials/BaseFlattenNormalMap.uasset" 221
"../../../Engine/Content/EngineMaterials/BaseFlattenNormalMap.uexp" 222
"../../../Engine/Content/EngineMaterials/BaseFlattenGrayscaleMap.uasset" 223
"../../../Engine/Content/EngineMaterials/BaseFlattenGrayscaleMap.uexp" 224
"../../../Engine/Content/EngineMaterials/BaseFlattenDiffuseMap.uasset" 225
"../../../Engine/Content/EngineMaterials/BaseFlattenDiffuseMap.uexp" 226
"../../../Engine/Content/Functions/Engine_MaterialFunctions02/PivotPainter2/Black_1x1_EXR_Texture.uasset" 227
"../../../Engine/Content/Functions/Engine_MaterialFunctions02/PivotPainter2/Black_1x1_EXR_Texture.uexp" 228
"../../../Engine/Content/EngineMaterials/BaseFlattenEmissiveMap.uasset" 229
"../../../Engine/Content/EngineMaterials/BaseFlattenEmissiveMap.uexp" 230
"../../../Engine/Content/EngineMaterials/BaseFlattenLinearColor.uasset" 231
"../../../Engine/Content/EngineMaterials/BaseFlattenLinearColor.uexp" 232
"../../../Engine/Content/EngineMaterials/FlattenMaterial.uasset" 233
"../../../Engine/Content/EngineMaterials/FlattenMaterial.uexp" 234
"../../../Engine/Content/EngineMaterials/DefaultWhiteGrid_Low.uasset" 235
"../../../Engine/Content/EngineMaterials/DefaultWhiteGrid_Low.uexp" 236
"../../../Engine/Content/EngineMaterials/EmissiveMeshMaterial.uasset" 237
"../../../Engine/Content/EngineMaterials/EmissiveMeshMaterial.uexp" 238
"../../../Engine/Content/EngineMaterials/DefaultWhiteGrid.ubulk" 239
"../../../Engine/Content/EngineMaterials/DefaultWhiteGrid.uasset" 240
"../../../Engine/Content/EngineMaterials/DefaultWhiteGrid.uexp" 241
"../../../Engine/Content/EngineFonts/RobotoDistanceField.uasset" 242
"../../../Engine/Content/EngineFonts/RobotoDistanceField.uexp" 243
"../../../Engine/Content/EngineMaterials/DefaultTextMaterialOpaque.uasset" 244
"../../../Engine/Content/EngineMaterials/DefaultTextMaterialOpaque.uexp" 245
"../../../Engine/Content/EngineMaterials/DefaultDiffuse.ubulk" 246
"../../../Engine/Content/EngineMaterials/DefaultDiffuse.uasset" 247
"../../../Engine/Content/EngineMaterials/DefaultDiffuse.uexp" 248
"../../../Engine/Content/Functions/Engine_MaterialFunctions02/Utility/BreakOutFloat2Components.uasset" 249
"../../../Engine/Content/Functions/Engine_MaterialFunctions02/Utility/BreakOutFloat2Components.uexp" 250
"../../../Engine/Content/EngineMaterials/DefaultPostProcessMaterial.uasset" 251
"../../../Engine/Content/EngineMaterials/DefaultPostProcessMaterial.uexp" 252
"../../../Engine/Content/EngineMaterials/DefaultPhysicalMaterial.uasset" 253
"../../../Engine/Content/EngineMaterials/DefaultPhysicalMaterial.uexp" 254
"../../../Engine/Content/EngineMeshes/Sphere.ubulk" 255
"../../../Engine/Content/EngineMeshes/Sphere.uasset" 256
"../../../Engine/Content/EngineMeshes/Sphere.uexp" 257
"../../../Engine/Content/EngineMaterials/DefaultLightFunctionMaterial.uasset" 258
"../../../Engine/Content/EngineMaterials/DefaultLightFunctionMaterial.uexp" 259
"../../../Engine/Content/EngineMaterials/DefaultDestructiblePhysicalMaterial.uasset" 260
"../../../Engine/Content/EngineMaterials/DefaultDestructiblePhysicalMaterial.uexp" 261
"../../../Engine/Content/EngineMaterials/DefaultDeferredDecalMaterial.uasset" 262
"../../../Engine/Content/EngineMaterials/DefaultDeferredDecalMaterial.uexp" 263
"../../../Engine/Content/EngineMaterials/DefaultBokeh.uasset" 264
"../../../Engine/Content/EngineMaterials/DefaultBokeh.uexp" 265
"../../../Engine/Content/EngineMaterials/DefaultBloomKernel.uasset" 266
"../../../Engine/Content/EngineMaterials/DefaultBloomKernel.uexp" 267
"../../../Engine/Content/EngineMaterials/BlueNoise.uasset" 268
"../../../Engine/Content/EngineMaterials/BlueNoise.uexp" 269
"../../../Engine/Content/EngineResources/GradientTexture0.uasset" 270
"../../../Engine/Content/EngineResources/GradientTexture0.uexp" 271
"../../../Engine/Content/EngineResources/DefaultVolumeTexture2D.uasset" 272
"../../../Engine/Content/EngineResources/DefaultVolumeTexture2D.uexp" 273
"../../../Engine/Content/EngineResources/DefaultVolumeTexture.uasset" 274
"../../../Engine/Content/EngineResources/DefaultVolumeTexture.uexp" 275
"../../../Engine/Content/EngineResources/DefaultTextureCube.uasset" 276
"../../../Engine/Content/EngineResources/DefaultTextureCube.uexp" 277
"../../../Engine/Content/EngineResources/DefaultTexture.ubulk" 278
"../../../Engine/Content/EngineResources/DefaultTexture.uasset" 279
"../../../Engine/Content/EngineResources/DefaultTexture.uexp" 280
"../../../Engine/Content/EngineResources/Black.uasset" 281
"../../../Engine/Content/EngineResources/Black.uexp" 282
"../../../Engine/Content/EngineResources/FilmGrains/Marcie_Grain_v3_128_M2_000.uasset" 283
"../../../Engine/Content/EngineResources/FilmGrains/Marcie_Grain_v3_128_M2_000.uexp" 284
"../../../Engine/Content/EngineSky/VolumetricClouds/CloudWeatherTexture.uasset" 285
"../../../Engine/Content/EngineSky/VolumetricClouds/CloudWeatherTexture.uexp" 286
"../../../Engine/Content/Functions/Engine_MaterialFunctions02/Utility/MakeFloat2.uasset" 287
"../../../Engine/Content/Functions/Engine_MaterialFunctions02/Utility/MakeFloat2.uexp" 288
"../../../Engine/Content/EngineSky/VolumetricClouds/CloudGradientTexture.uasset" 289
"../../../Engine/Content/EngineSky/VolumetricClouds/CloudGradientTexture.uexp" 290
"../../../Engine/Content/EngineSky/VolumetricClouds/T_NoiseShape64.ubulk" 291
"../../../Engine/Content/EngineSky/VolumetricClouds/T_NoiseShape64.uasset" 292
"../../../Engine/Content/EngineSky/VolumetricClouds/T_NoiseShape64.uexp" 293
"../../../Engine/Content/EngineSky/VolumetricClouds/T_VolumeNoiseShape64.uasset" 294
"../../../Engine/Content/EngineSky/VolumetricClouds/T_VolumeNoiseShape64.uexp" 295
"../../../Engine/Content/EngineSky/VolumetricClouds/T_NoiseErosion.ubulk" 296
"../../../Engine/Content/EngineSky/VolumetricClouds/T_NoiseErosion.uasset" 297
"../../../Engine/Content/EngineSky/VolumetricClouds/T_NoiseErosion.uexp" 298
"../../../Engine/Content/EngineSky/VolumetricClouds/T_VolumeNoiseErosion32.uasset" 299
"../../../Engine/Content/EngineSky/VolumetricClouds/T_VolumeNoiseErosion32.uexp" 300
"../../../Engine/Content/EngineSky/VolumetricClouds/m_SimpleVolumetricCloud.uasset" 301
"../../../Engine/Content/EngineSky/VolumetricClouds/m_SimpleVolumetricCloud.uexp" 302
"../../../Engine/Content/EngineSky/VolumetricClouds/m_SimpleVolumetricCloud_Inst.uasset" 303
"../../../Engine/Content/EngineSky/VolumetricClouds/m_SimpleVolumetricCloud_Inst.uexp" 304
"../../../Engine/Content/EngineSounds/Master.uasset" 305
"../../../Engine/Content/EngineSounds/Master.uexp" 306
"../../../Engine/Content/Functions/Engine_MaterialFunctions01/Shading/PowerToRoughness.uasset" 307
"../../../Engine/Content/Functions/Engine_MaterialFunctions01/Shading/PowerToRoughness.uexp" 308
"../../../Engine/Content/Functions/Engine_MaterialFunctions01/Shading/ConvertFromDiffSpec.uasset" 309
"../../../Engine/Content/Functions/Engine_MaterialFunctions01/Shading/ConvertFromDiffSpec.uexp" 310
"../../../Engine/Content/MobileResources/HUD/VirtualJoystick_Background.uasset" 311
"../../../Engine/Content/MobileResources/HUD/VirtualJoystick_Background.uexp" 312
"../../../Engine/Content/MobileResources/HUD/VirtualJoystick_Thumb.uasset" 313
"../../../Engine/Content/MobileResources/HUD/VirtualJoystick_Thumb.uexp" 314
"../../../Engine/Content/MobileResources/HUD/DefaultVirtualJoysticks.uasset" 315
"../../../Engine/Content/MobileResources/HUD/DefaultVirtualJoysticks.uexp" 316
"../../../Engine/Content/Tutorial/ContentIntroCurve.uasset" 317
"../../../Engine/Content/Tutorial/ContentIntroCurve.uexp" 318
"../../../Engine/Content/VREditor/TransformGizmo/Main.uasset" 319
"../../../Engine/Content/VREditor/TransformGizmo/Main.uexp" 320
"../../../Engine/Content/VREditor/TransformGizmo/Xray.uasset" 321
"../../../Engine/Content/VREditor/TransformGizmo/Xray.uexp" 322
"../../../Engine/Content/VREditor/TransformGizmo/SM_Sequencer_Node.ubulk" 323
"../../../Engine/Content/VREditor/TransformGizmo/SM_Sequencer_Node.uasset" 324
"../../../Engine/Content/VREditor/TransformGizmo/SM_Sequencer_Node.uexp" 325
"../../../Engine/Content/VREditor/LaserPointer/VR_LaserPower_01.ubulk" 326
"../../../Engine/Content/VREditor/LaserPointer/VR_LaserPower_01.uasset" 327
"../../../Engine/Content/VREditor/LaserPointer/VR_LaserPower_01.uexp" 328
"../../../Engine/Content/VREditor/TransformGizmo/TransformGizmoMaterial.uasset" 329
"../../../Engine/Content/VREditor/TransformGizmo/TransformGizmoMaterial.uexp" 330
"../../../Engine/Content/VREditor/TransformGizmo/TranslucentTransformGizmoMaterial.uasset" 331
"../../../Engine/Content/VREditor/TransformGizmo/TranslucentTransformGizmoMaterial.uexp" 332
"../../../Engine/Content/VREditor/TransformGizmo/PlaneTranslationHandle.ubulk" 333
"../../../Engine/Content/VREditor/TransformGizmo/PlaneTranslationHandle.uasset" 334
"../../../Engine/Content/VREditor/TransformGizmo/PlaneTranslationHandle.uexp" 335
"../../../Engine/Content/VREditor/TransformGizmo/BoundingBoxEdge.ubulk" 336
"../../../Engine/Content/VREditor/TransformGizmo/BoundingBoxEdge.uasset" 337
"../../../Engine/Content/VREditor/TransformGizmo/BoundingBoxEdge.uexp" 338
"../../../Engine/Content/VREditor/TransformGizmo/BoundingBoxCorner.ubulk" 339
"../../../Engine/Content/VREditor/TransformGizmo/BoundingBoxCorner.uasset" 340
"../../../Engine/Content/VREditor/TransformGizmo/BoundingBoxCorner.uexp" 341
"../../../Engine/Plugins/2D/Paper2D/Content/PlaceholderTextures/DummySpriteTexture.ubulk" 342
"../../../Engine/Plugins/2D/Paper2D/Content/PlaceholderTextures/DummySpriteTexture.uasset" 343
"../../../Engine/Plugins/2D/Paper2D/Content/PlaceholderTextures/DummySpriteTexture.uexp" 344
"../../../Engine/Plugins/2D/Paper2D/Content/DefaultSpriteMaterial.uasset" 345
"../../../Engine/Plugins/2D/Paper2D/Content/DefaultSpriteMaterial.uexp" 346
"../../../Engine/Plugins/2D/Paper2D/Content/OpaqueUnlitSpriteMaterial.uasset" 347
"../../../Engine/Plugins/2D/Paper2D/Content/OpaqueUnlitSpriteMaterial.uexp" 348
"../../../Engine/Plugins/2D/Paper2D/Content/MaskedUnlitSpriteMaterial.uasset" 349
"../../../Engine/Plugins/2D/Paper2D/Content/MaskedUnlitSpriteMaterial.uexp" 350
"../../../Engine/Plugins/2D/Paper2D/Content/DummySprite.uasset" 351
"../../../Engine/Plugins/2D/Paper2D/Content/DummySprite.uexp" 352
"../../../Engine/Plugins/2D/Paper2D/Content/DefaultPaperTerrainMaterial.uasset" 353
"../../../Engine/Plugins/2D/Paper2D/Content/DefaultPaperTerrainMaterial.uexp" 354
"../../../Engine/Plugins/Animation/ControlRig/Content/M_Manip.uasset" 355
"../../../Engine/Plugins/Animation/ControlRig/Content/M_Manip.uexp" 356
"../../../Engine/Plugins/Animation/ControlRig/Content/Controls/DefaultGizmoLibraryNormalized.uasset" 357
"../../../Engine/Plugins/Animation/ControlRig/Content/Controls/DefaultGizmoLibraryNormalized.uexp" 358
"../../../Engine/Plugins/Animation/ControlRig/Content/Controls/ControlRig_Wedge_solid.ubulk" 359
"../../../Engine/Plugins/Animation/ControlRig/Content/Controls/ControlRig_Wedge_solid.uasset" 360
"../../../Engine/Plugins/Animation/ControlRig/Content/Controls/ControlRig_Wedge_solid.uexp" 361
"../../../Engine/Plugins/Animation/ControlRig/Content/Controls/ControlRig_Wedge_3mm.ubulk" 362
"../../../Engine/Plugins/Animation/ControlRig/Content/Controls/ControlRig_Wedge_3mm.uasset" 363
"../../../Engine/Plugins/Animation/ControlRig/Content/Controls/ControlRig_Wedge_3mm.uexp" 364
"../../../Engine/Plugins/Animation/ControlRig/Content/Controls/ControlRig_Wedge_1mm.ubulk" 365
"../../../Engine/Plugins/Animation/ControlRig/Content/Controls/ControlRig_Wedge_1mm.uasset" 366
"../../../Engine/Plugins/Animation/ControlRig/Content/Controls/ControlRig_Wedge_1mm.uexp" 367
"../../../Engine/Plugins/Animation/ControlRig/Content/Controls/ControlRig_Triangle_solid.ubulk" 368
"../../../Engine/Plugins/Animation/ControlRig/Content/Controls/ControlRig_Triangle_solid.uasset" 369
"../../../Engine/Plugins/Animation/ControlRig/Content/Controls/ControlRig_Triangle_solid.uexp" 370
"../../../Engine/Plugins/Animation/ControlRig/Content/Controls/ControlRig_Triangle_3mm.ubulk" 371
"../../../Engine/Plugins/Animation/ControlRig/Content/Controls/ControlRig_Triangle_3mm.uasset" 372
"../../../Engine/Plugins/Animation/ControlRig/Content/Controls/ControlRig_Triangle_3mm.uexp" 373
"../../../Engine/Plugins/Animation/ControlRig/Content/Controls/ControlRig_Triangle_1mm.ubulk" 374
"../../../Engine/Plugins/Animation/ControlRig/Content/Controls/ControlRig_Triangle_1mm.uasset" 375
"../../../Engine/Plugins/Animation/ControlRig/Content/Controls/ControlRig_Triangle_1mm.uexp" 376
"../../../Engine/Plugins/Animation/ControlRig/Content/Controls/ControlRig_Star4_solid.ubulk" 377
"../../../Engine/Plugins/Animation/ControlRig/Content/Controls/ControlRig_Star4_solid.uasset" 378
"../../../Engine/Plugins/Animation/ControlRig/Content/Controls/ControlRig_Star4_solid.uexp" 379
"../../../Engine/Plugins/Animation/ControlRig/Content/Controls/ControlRig_Star4_3mm.ubulk" 380
"../../../Engine/Plugins/Animation/ControlRig/Content/Controls/ControlRig_Star4_3mm.uasset" 381
"../../../Engine/Plugins/Animation/ControlRig/Content/Controls/ControlRig_Star4_3mm.uexp" 382
"../../../Engine/Plugins/Animation/ControlRig/Content/Controls/ControlRig_Star4_1mm.ubulk" 383
"../../../Engine/Plugins/Animation/ControlRig/Content/Controls/ControlRig_Star4_1mm.uasset" 384
"../../../Engine/Plugins/Animation/ControlRig/Content/Controls/ControlRig_Star4_1mm.uexp" 385
"../../../Engine/Plugins/Animation/ControlRig/Content/Controls/ControlRig_Square_solid.ubulk" 386
"../../../Engine/Plugins/Animation/ControlRig/Content/Controls/ControlRig_Square_solid.uasset" 387
"../../../Engine/Plugins/Animation/ControlRig/Content/Controls/ControlRig_Square_solid.uexp" 388
"../../../Engine/Plugins/Animation/ControlRig/Content/Controls/ControlRig_Square_3mm.ubulk" 389
"../../../Engine/Plugins/Animation/ControlRig/Content/Controls/ControlRig_Square_3mm.uasset" 390
"../../../Engine/Plugins/Animation/ControlRig/Content/Controls/ControlRig_Square_3mm.uexp" 391
"../../../Engine/Plugins/Animation/ControlRig/Content/Controls/ControlRig_Square_1mm.ubulk" 392
"../../../Engine/Plugins/Animation/ControlRig/Content/Controls/ControlRig_Square_1mm.uasset" 393
"../../../Engine/Plugins/Animation/ControlRig/Content/Controls/ControlRig_Square_1mm.uexp" 394
"../../../Engine/Plugins/Animation/ControlRig/Content/Controls/ControlRig_Sphere_solid.ubulk" 395
"../../../Engine/Plugins/Animation/ControlRig/Content/Controls/ControlRig_Sphere_solid.uasset" 396
"../../../Engine/Plugins/Animation/ControlRig/Content/Controls/ControlRig_Sphere_solid.uexp" 397
"../../../Engine/Plugins/Animation/ControlRig/Content/Controls/ControlRig_Sphere_3mm.ubulk" 398
"../../../Engine/Plugins/Animation/ControlRig/Content/Controls/ControlRig_Sphere_3mm.uasset" 399
"../../../Engine/Plugins/Animation/ControlRig/Content/Controls/ControlRig_Sphere_3mm.uexp" 400
"../../../Engine/Plugins/Animation/ControlRig/Content/Controls/ControlRig_Sphere_1mm.ubulk" 401
"../../../Engine/Plugins/Animation/ControlRig/Content/Controls/ControlRig_Sphere_1mm.uasset" 402
"../../../Engine/Plugins/Animation/ControlRig/Content/Controls/ControlRig_Sphere_1mm.uexp" 403
"../../../Engine/Plugins/Animation/ControlRig/Content/Controls/ControlRig_RoundedTriangle_solid.ubulk" 404
"../../../Engine/Plugins/Animation/ControlRig/Content/Controls/ControlRig_RoundedTriangle_solid.uasset" 405
"../../../Engine/Plugins/Animation/ControlRig/Content/Controls/ControlRig_RoundedTriangle_solid.uexp" 406
"../../../Engine/Plugins/Animation/ControlRig/Content/Controls/ControlRig_RoundedTriangle_3mm.ubulk" 407
"../../../Engine/Plugins/Animation/ControlRig/Content/Controls/ControlRig_RoundedTriangle_3mm.uasset" 408
"../../../Engine/Plugins/Animation/ControlRig/Content/Controls/ControlRig_RoundedTriangle_3mm.uexp" 409
"../../../Engine/Plugins/Animation/ControlRig/Content/Controls/ControlRig_RoundedTriangle_1mm.ubulk" 410
"../../../Engine/Plugins/Animation/ControlRig/Content/Controls/ControlRig_RoundedTriangle_1mm.uasset" 411
"../../../Engine/Plugins/Animation/ControlRig/Content/Controls/ControlRig_RoundedTriangle_1mm.uexp" 412
"../../../Engine/Plugins/Animation/ControlRig/Content/Controls/ControlRig_RoundedSquare_solid.ubulk" 413
"../../../Engine/Plugins/Animation/ControlRig/Content/Controls/ControlRig_RoundedSquare_solid.uasset" 414
"../../../Engine/Plugins/Animation/ControlRig/Content/Controls/ControlRig_RoundedSquare_solid.uexp" 415
"../../../Engine/Plugins/Animation/ControlRig/Content/Controls/ControlRig_RoundedSquare_3mm.ubulk" 416
"../../../Engine/Plugins/Animation/ControlRig/Content/Controls/ControlRig_RoundedSquare_3mm.uasset" 417
"../../../Engine/Plugins/Animation/ControlRig/Content/Controls/ControlRig_RoundedSquare_3mm.uexp" 418
"../../../Engine/Plugins/Animation/ControlRig/Content/Controls/ControlRig_RoundedSquare_1mm.ubulk" 419
"../../../Engine/Plugins/Animation/ControlRig/Content/Controls/ControlRig_RoundedSquare_1mm.uasset" 420
"../../../Engine/Plugins/Animation/ControlRig/Content/Controls/ControlRig_RoundedSquare_1mm.uexp" 421
"../../../Engine/Plugins/Animation/ControlRig/Content/Controls/ControlRig_QuarterCircle_solid.ubulk" 422
"../../../Engine/Plugins/Animation/ControlRig/Content/Controls/ControlRig_QuarterCircle_solid.uasset" 423
"../../../Engine/Plugins/Animation/ControlRig/Content/Controls/ControlRig_QuarterCircle_solid.uexp" 424
"../../../Engine/Plugins/Animation/ControlRig/Content/Controls/ControlRig_QuarterCircle_3mm.ubulk" 425
"../../../Engine/Plugins/Animation/ControlRig/Content/Controls/ControlRig_QuarterCircle_3mm.uasset" 426
"../../../Engine/Plugins/Animation/ControlRig/Content/Controls/ControlRig_QuarterCircle_3mm.uexp" 427
"../../../Engine/Plugins/Animation/ControlRig/Content/Controls/ControlRig_QuarterCircle_1mm.ubulk" 428
"../../../Engine/Plugins/Animation/ControlRig/Content/Controls/ControlRig_QuarterCircle_1mm.uasset" 429
"../../../Engine/Plugins/Animation/ControlRig/Content/Controls/ControlRig_QuarterCircle_1mm.uexp" 430
"../../../Engine/Plugins/Animation/ControlRig/Content/Controls/ControlRig_Pyramid_solid.ubulk" 431
"../../../Engine/Plugins/Animation/ControlRig/Content/Controls/ControlRig_Pyramid_solid.uasset" 432
"../../../Engine/Plugins/Animation/ControlRig/Content/Controls/ControlRig_Pyramid_solid.uexp" 433
"../../../Engine/Plugins/Animation/ControlRig/Content/Controls/ControlRig_Pyramid_3mm.ubulk" 434
"../../../Engine/Plugins/Animation/ControlRig/Content/Controls/ControlRig_Pyramid_3mm.uasset" 435
"../../../Engine/Plugins/Animation/ControlRig/Content/Controls/ControlRig_Pyramid_3mm.uexp" 436
"../../../Engine/Plugins/Animation/ControlRig/Content/Controls/ControlRig_Pyramid_1mm.ubulk" 437
"../../../Engine/Plugins/Animation/ControlRig/Content/Controls/ControlRig_Pyramid_1mm.uasset" 438
"../../../Engine/Plugins/Animation/ControlRig/Content/Controls/ControlRig_Pyramid_1mm.uexp" 439
"../../../Engine/Plugins/Animation/ControlRig/Content/Controls/ControlRig_Octagon_solid.ubulk" 440
"../../../Engine/Plugins/Animation/ControlRig/Content/Controls/ControlRig_Octagon_solid.uasset" 441
"../../../Engine/Plugins/Animation/ControlRig/Content/Controls/ControlRig_Octagon_solid.uexp" 442
"../../../Engine/Plugins/Animation/ControlRig/Content/Controls/ControlRig_Octagon_3mm.ubulk" 443
"../../../Engine/Plugins/Animation/ControlRig/Content/Controls/ControlRig_Octagon_3mm.uasset" 444
"../../../Engine/Plugins/Animation/ControlRig/Content/Controls/ControlRig_Octagon_3mm.uexp" 445
"../../../Engine/Plugins/Animation/ControlRig/Content/Controls/ControlRig_Octagon_1mm.ubulk" 446
"../../../Engine/Plugins/Animation/ControlRig/Content/Controls/ControlRig_Octagon_1mm.uasset" 447
"../../../Engine/Plugins/Animation/ControlRig/Content/Controls/ControlRig_Octagon_1mm.uexp" 448
"../../../Engine/Plugins/Animation/ControlRig/Content/Controls/ControlRig_Hexagon_solid.ubulk" 449
"../../../Engine/Plugins/Animation/ControlRig/Content/Controls/ControlRig_Hexagon_solid.uasset" 450
"../../../Engine/Plugins/Animation/ControlRig/Content/Controls/ControlRig_Hexagon_solid.uexp" 451
"../../../Engine/Plugins/Animation/ControlRig/Content/Controls/ControlRig_Hexagon_3mm.ubulk" 452
"../../../Engine/Plugins/Animation/ControlRig/Content/Controls/ControlRig_Hexagon_3mm.uasset" 453
"../../../Engine/Plugins/Animation/ControlRig/Content/Controls/ControlRig_Hexagon_3mm.uexp" 454
"../../../Engine/Plugins/Animation/ControlRig/Content/Controls/ControlRig_Hexagon_1mm.ubulk" 455
"../../../Engine/Plugins/Animation/ControlRig/Content/Controls/ControlRig_Hexagon_1mm.uasset" 456
"../../../Engine/Plugins/Animation/ControlRig/Content/Controls/ControlRig_Hexagon_1mm.uexp" 457
"../../../Engine/Plugins/Animation/ControlRig/Content/Controls/ControlRig_HalfCircle_solid.ubulk" 458
"../../../Engine/Plugins/Animation/ControlRig/Content/Controls/ControlRig_HalfCircle_solid.uasset" 459
"../../../Engine/Plugins/Animation/ControlRig/Content/Controls/ControlRig_HalfCircle_solid.uexp" 460
"../../../Engine/Plugins/Animation/ControlRig/Content/Controls/ControlRig_HalfCircle_3mm.ubulk" 461
"../../../Engine/Plugins/Animation/ControlRig/Content/Controls/ControlRig_HalfCircle_3mm.uasset" 462
"../../../Engine/Plugins/Animation/ControlRig/Content/Controls/ControlRig_HalfCircle_3mm.uexp" 463
"../../../Engine/Plugins/Animation/ControlRig/Content/Controls/ControlRig_HalfCircle_1mm.ubulk" 464
"../../../Engine/Plugins/Animation/ControlRig/Content/Controls/ControlRig_HalfCircle_1mm.uasset" 465
"../../../Engine/Plugins/Animation/ControlRig/Content/Controls/ControlRig_HalfCircle_1mm.uexp" 466
"../../../Engine/Plugins/Animation/ControlRig/Content/Controls/ControlRig_Diamond_solid.ubulk" 467
"../../../Engine/Plugins/Animation/ControlRig/Content/Controls/ControlRig_Diamond_solid.uasset" 468
"../../../Engine/Plugins/Animation/ControlRig/Content/Controls/ControlRig_Diamond_solid.uexp" 469
"../../../Engine/Plugins/Animation/ControlRig/Content/Controls/ControlRig_Diamond_3mm.ubulk" 470
"../../../Engine/Plugins/Animation/ControlRig/Content/Controls/ControlRig_Diamond_3mm.uasset" 471
"../../../Engine/Plugins/Animation/ControlRig/Content/Controls/ControlRig_Diamond_3mm.uexp" 472
"../../../Engine/Plugins/Animation/ControlRig/Content/Controls/ControlRig_Diamond_1mm.ubulk" 473
"../../../Engine/Plugins/Animation/ControlRig/Content/Controls/ControlRig_Diamond_1mm.uasset" 474
"../../../Engine/Plugins/Animation/ControlRig/Content/Controls/ControlRig_Diamond_1mm.uexp" 475
"../../../Engine/Plugins/Animation/ControlRig/Content/Controls/ControlRig_Circle_solid.ubulk" 476
"../../../Engine/Plugins/Animation/ControlRig/Content/Controls/ControlRig_Circle_solid.uasset" 477
"../../../Engine/Plugins/Animation/ControlRig/Content/Controls/ControlRig_Circle_solid.uexp" 478
"../../../Engine/Plugins/Animation/ControlRig/Content/Controls/ControlRig_Circle_3mm.ubulk" 479
"../../../Engine/Plugins/Animation/ControlRig/Content/Controls/ControlRig_Circle_3mm.uasset" 480
"../../../Engine/Plugins/Animation/ControlRig/Content/Controls/ControlRig_Circle_3mm.uexp" 481
"../../../Engine/Plugins/Animation/ControlRig/Content/Controls/ControlRig_Circle_1mm.ubulk" 482
"../../../Engine/Plugins/Animation/ControlRig/Content/Controls/ControlRig_Circle_1mm.uasset" 483
"../../../Engine/Plugins/Animation/ControlRig/Content/Controls/ControlRig_Circle_1mm.uexp" 484
"../../../Engine/Plugins/Animation/ControlRig/Content/Controls/ControlRig_Box_solid.ubulk" 485
"../../../Engine/Plugins/Animation/ControlRig/Content/Controls/ControlRig_Box_solid.uasset" 486
"../../../Engine/Plugins/Animation/ControlRig/Content/Controls/ControlRig_Box_solid.uexp" 487
"../../../Engine/Plugins/Animation/ControlRig/Content/Controls/ControlRig_Box_3mm.ubulk" 488
"../../../Engine/Plugins/Animation/ControlRig/Content/Controls/ControlRig_Box_3mm.uasset" 489
"../../../Engine/Plugins/Animation/ControlRig/Content/Controls/ControlRig_Box_3mm.uexp" 490
"../../../Engine/Plugins/Animation/ControlRig/Content/Controls/ControlRig_Box_1mm.ubulk" 491
"../../../Engine/Plugins/Animation/ControlRig/Content/Controls/ControlRig_Box_1mm.uasset" 492
"../../../Engine/Plugins/Animation/ControlRig/Content/Controls/ControlRig_Box_1mm.uexp" 493
"../../../Engine/Plugins/Animation/ControlRig/Content/Controls/ControlRig_Arrow_solid.ubulk" 494
"../../../Engine/Plugins/Animation/ControlRig/Content/Controls/ControlRig_Arrow_solid.uasset" 495
"../../../Engine/Plugins/Animation/ControlRig/Content/Controls/ControlRig_Arrow_solid.uexp" 496
"../../../Engine/Plugins/Animation/ControlRig/Content/Controls/ControlRig_Arrow_3mm.ubulk" 497
"../../../Engine/Plugins/Animation/ControlRig/Content/Controls/ControlRig_Arrow_3mm.uasset" 498
"../../../Engine/Plugins/Animation/ControlRig/Content/Controls/ControlRig_Arrow_3mm.uexp" 499
"../../../Engine/Plugins/Animation/ControlRig/Content/Controls/ControlRig_Arrow_1mm.ubulk" 500
"../../../Engine/Plugins/Animation/ControlRig/Content/Controls/ControlRig_Arrow_1mm.uasset" 501
"../../../Engine/Plugins/Animation/ControlRig/Content/Controls/ControlRig_Arrow_1mm.uexp" 502
"../../../Engine/Plugins/Animation/ControlRig/Content/Controls/ControlRig_Arrow4_solid.ubulk" 503
"../../../Engine/Plugins/Animation/ControlRig/Content/Controls/ControlRig_Arrow4_solid.uasset" 504
"../../../Engine/Plugins/Animation/ControlRig/Content/Controls/ControlRig_Arrow4_solid.uexp" 505
"../../../Engine/Plugins/Animation/ControlRig/Content/Controls/ControlRig_Arrow4_3mm.ubulk" 506
"../../../Engine/Plugins/Animation/ControlRig/Content/Controls/ControlRig_Arrow4_3mm.uasset" 507
"../../../Engine/Plugins/Animation/ControlRig/Content/Controls/ControlRig_Arrow4_3mm.uexp" 508
"../../../Engine/Plugins/Animation/ControlRig/Content/Controls/ControlRig_Arrow4_1mm.ubulk" 509
"../../../Engine/Plugins/Animation/ControlRig/Content/Controls/ControlRig_Arrow4_1mm.uasset" 510
"../../../Engine/Plugins/Animation/ControlRig/Content/Controls/ControlRig_Arrow4_1mm.uexp" 511
"../../../Engine/Plugins/Animation/ControlRig/Content/Controls/ControlRig_Arrow2_solid.ubulk" 512
"../../../Engine/Plugins/Animation/ControlRig/Content/Controls/ControlRig_Arrow2_solid.uasset" 513
"../../../Engine/Plugins/Animation/ControlRig/Content/Controls/ControlRig_Arrow2_solid.uexp" 514
"../../../Engine/Plugins/Animation/ControlRig/Content/Controls/ControlRig_Arrow2_3mm.ubulk" 515
"../../../Engine/Plugins/Animation/ControlRig/Content/Controls/ControlRig_Arrow2_3mm.uasset" 516
"../../../Engine/Plugins/Animation/ControlRig/Content/Controls/ControlRig_Arrow2_3mm.uexp" 517
"../../../Engine/Plugins/Animation/ControlRig/Content/Controls/ControlRig_Arrow2_1mm.ubulk" 518
"../../../Engine/Plugins/Animation/ControlRig/Content/Controls/ControlRig_Arrow2_1mm.uasset" 519
"../../../Engine/Plugins/Animation/ControlRig/Content/Controls/ControlRig_Arrow2_1mm.uexp" 520
"../../../Engine/Plugins/Animation/ControlRig/Content/Controls/ControlRigGizmoMaterial.uasset" 521
"../../../Engine/Plugins/Animation/ControlRig/Content/Controls/ControlRigGizmoMaterial.uexp" 522
"../../../Engine/Plugins/Editor/SpeedTreeImporter/Content/SpeedTree9/game_wind_noise.ubulk" 523
"../../../Engine/Plugins/Editor/SpeedTreeImporter/Content/SpeedTree9/game_wind_noise.uasset" 524
"../../../Engine/Plugins/Editor/SpeedTreeImporter/Content/SpeedTree9/game_wind_noise.uexp" 525
"../../../Engine/Plugins/Editor/SpeedTreeImporter/Content/SpeedTree9/UnpackDirection.uasset" 526
"../../../Engine/Plugins/Editor/SpeedTreeImporter/Content/SpeedTree9/UnpackDirection.uexp" 527
"../../../Engine/Content/Functions/Engine_MaterialFunctions02/ObjectLocalBounds.uasset" 528
"../../../Engine/Content/Functions/Engine_MaterialFunctions02/ObjectLocalBounds.uexp" 529
"../../../Engine/Content/Functions/Engine_MaterialFunctions02/UVs/BoundingBoxBased_0-1_UVW.uasset" 530
"../../../Engine/Content/Functions/Engine_MaterialFunctions02/UVs/BoundingBoxBased_0-1_UVW.uexp" 531
"../../../Engine/Content/Functions/Engine_MaterialFunctions02/Utility/VectorLength.uasset" 532
"../../../Engine/Content/Functions/Engine_MaterialFunctions02/Utility/VectorLength.uexp" 533
"../../../Engine/Plugins/Editor/SpeedTreeImporter/Content/SpeedTree9/UnpackInteger3.uasset" 534
"../../../Engine/Plugins/Editor/SpeedTreeImporter/Content/SpeedTree9/UnpackInteger3.uexp" 535
"../../../Engine/Plugins/Editor/SpeedTreeImporter/Content/SpeedTree9/SpeedTreeCameraFacing.uasset" 536
"../../../Engine/Plugins/Editor/SpeedTreeImporter/Content/SpeedTree9/SpeedTreeCameraFacing.uexp" 537
"../../../Engine/Content/Functions/Engine_MaterialFunctions02/WorldPositionOffset/ObjectScale.uasset" 538
"../../../Engine/Content/Functions/Engine_MaterialFunctions02/WorldPositionOffset/ObjectScale.uexp" 539
"../../../Engine/Content/Functions/Engine_MaterialFunctions02/SafeNormalize.uasset" 540
"../../../Engine/Content/Functions/Engine_MaterialFunctions02/SafeNormalize.uexp" 541
"../../../Engine/Plugins/Editor/SpeedTreeImporter/Content/SpeedTree9/SpeedTreeWindMotion.uasset" 542
"../../../Engine/Plugins/Editor/SpeedTreeImporter/Content/SpeedTree9/SpeedTreeWindMotion.uexp" 543
"../../../Engine/Plugins/Editor/SpeedTreeImporter/Content/SpeedTree9/SpeedTreeBranchMotion.uasset" 544
"../../../Engine/Plugins/Editor/SpeedTreeImporter/Content/SpeedTree9/SpeedTreeBranchMotion.uexp" 545
"../../../Engine/Plugins/Editor/SpeedTreeImporter/Content/SpeedTree9/SpeedTreeWind.uasset" 546
"../../../Engine/Plugins/Editor/SpeedTreeImporter/Content/SpeedTree9/SpeedTreeWind.uexp" 547
"../../../Engine/Plugins/Editor/SpeedTreeImporter/Content/SpeedTree9/EmptyNormal.uasset" 548
"../../../Engine/Plugins/Editor/SpeedTreeImporter/Content/SpeedTree9/EmptyNormal.uexp" 549
"../../../Engine/Plugins/Editor/SpeedTreeImporter/Content/SpeedTree9/Empty.uasset" 550
"../../../Engine/Plugins/Editor/SpeedTreeImporter/Content/SpeedTree9/Empty.uexp" 551
"../../../Engine/Plugins/Editor/SpeedTreeImporter/Content/SpeedTree9/SpeedTreeMaster.uasset" 552
"../../../Engine/Plugins/Editor/SpeedTreeImporter/Content/SpeedTree9/SpeedTreeMaster.uexp" 553
"../../../Engine/Plugins/Editor/SpeedTreeImporter/Content/SpeedTree9/SpeedTreeBillboard.uasset" 554
"../../../Engine/Plugins/Editor/SpeedTreeImporter/Content/SpeedTree9/SpeedTreeBillboard.uexp" 555
"../../../Engine/Plugins/Editor/SpeedTreeImporter/Content/SpeedTree9/SpeedTreeBillboardMaster.uasset" 556
"../../../Engine/Plugins/Editor/SpeedTreeImporter/Content/SpeedTree9/SpeedTreeBillboardMaster.uexp" 557
"../../../Engine/Plugins/Runtime/HairStrands/Content/Materials/HairMeshesDefaultMaterial.uasset" 558
"../../../Engine/Plugins/Runtime/HairStrands/Content/Materials/HairMeshesDefaultMaterial.uexp" 559
"../../../Engine/Plugins/Runtime/HairStrands/Content/Materials/HairDefaultMaterial.uasset" 560
"../../../Engine/Plugins/Runtime/HairStrands/Content/Materials/HairDefaultMaterial.uexp" 561
"../../../Engine/Plugins/Runtime/HairStrands/Content/Materials/HairGroupColors.uasset" 562
"../../../Engine/Plugins/Runtime/HairStrands/Content/Materials/HairGroupColors.uexp" 563
"../../../Engine/Content/EngineMaterials/HairColorMap.uasset" 564
"../../../Engine/Content/EngineMaterials/HairColorMap.uexp" 565
"../../../Engine/Content/EngineMaterials/HairDebugColor.uasset" 566
"../../../Engine/Content/EngineMaterials/HairDebugColor.uexp" 567
"../../../Engine/Plugins/Runtime/HairStrands/Content/Materials/HairDebugMaterial.uasset" 568
"../../../Engine/Plugins/Runtime/HairStrands/Content/Materials/HairDebugMaterial.uexp" 569
"../../../Engine/Plugins/Runtime/HairStrands/Content/Materials/HairCardsDefaultMaterial.uasset" 570
"../../../Engine/Plugins/Runtime/HairStrands/Content/Materials/HairCardsDefaultMaterial.uexp" 571
"../../../Engine/Content/Maps/Entry_BuiltData.uasset" 572
"../../../Engine/Content/Maps/Entry_BuiltData.uexp" 573
"../../../Engine/Content/Maps/Entry.uexp" 574
"../../../Engine/Content/Maps/Entry.umap" 575
"../../../Engine/Content/EngineMaterials/BlendFunc_DefBlend.uasset" 576
"../../../Engine/Content/EngineMaterials/BlendFunc_DefBlend.uexp" 577
"../../../Engine/Content/EngineMaterials/BlendFunc_DefBase.uasset" 578
"../../../Engine/Content/EngineMaterials/BlendFunc_DefBase.uexp" 579
"../../../Engine/Content/Functions/Engine_MaterialFunctions03/Blends/Blend_Overlay.uasset" 580
"../../../Engine/Content/Functions/Engine_MaterialFunctions03/Blends/Blend_Overlay.uexp" 581
"../../../Engine/Content/OpenWorldTemplate/LandscapeMaterial/T_GridChecker_A.ubulk" 582
"../../../Engine/Content/OpenWorldTemplate/LandscapeMaterial/T_GridChecker_A.uasset" 583
"../../../Engine/Content/OpenWorldTemplate/LandscapeMaterial/T_GridChecker_A.uexp" 584
"../../../Engine/Content/Functions/Engine_MaterialFunctions01/Gradient/LinearGradient.uasset" 585
"../../../Engine/Content/Functions/Engine_MaterialFunctions01/Gradient/LinearGradient.uexp" 586
"../../../Engine/Content/Functions/Engine_MaterialFunctions01/ImageAdjustment/CheapContrast.uasset" 587
"../../../Engine/Content/Functions/Engine_MaterialFunctions01/ImageAdjustment/CheapContrast.uexp" 588
"../../../Engine/Content/OpenWorldTemplate/LandscapeMaterial/MF_ProcGrid.uasset" 589
"../../../Engine/Content/OpenWorldTemplate/LandscapeMaterial/MF_ProcGrid.uexp" 590
"../../../Engine/Content/OpenWorldTemplate/LandscapeMaterial/M_ProcGrid.uasset" 591
"../../../Engine/Content/OpenWorldTemplate/LandscapeMaterial/M_ProcGrid.uexp" 592
"../../../Engine/Content/OpenWorldTemplate/LandscapeMaterial/MI_ProcGrid.uasset" 593
"../../../Engine/Content/OpenWorldTemplate/LandscapeMaterial/MI_ProcGrid.uexp" 594
"../../../Engine/Content/EngineSky/T_Sky_Stars.ubulk" 595
"../../../Engine/Content/EngineSky/T_Sky_Stars.uasset" 596
"../../../Engine/Content/EngineSky/T_Sky_Stars.uexp" 597
"../../../Engine/Content/EngineSky/T_Sky_Clouds_M.ubulk" 598
"../../../Engine/Content/EngineSky/T_Sky_Clouds_M.uasset" 599
"../../../Engine/Content/EngineSky/T_Sky_Clouds_M.uexp" 600
"../../../Engine/Content/EngineSky/T_Sky_Blue.ubulk" 601
"../../../Engine/Content/EngineSky/T_Sky_Blue.uasset" 602
"../../../Engine/Content/EngineSky/T_Sky_Blue.uexp" 603
"../../../Engine/Content/EngineSky/M_Sky_Panning_Clouds2.uasset" 604
"../../../Engine/Content/EngineSky/M_Sky_Panning_Clouds2.uexp" 605
"../../../Engine/Content/EngineSky/SM_SkySphere.ubulk" 606
"../../../Engine/Content/EngineSky/SM_SkySphere.uasset" 607
"../../../Engine/Content/EngineSky/SM_SkySphere.uexp" 608
"../../../Engine/Content/MapTemplates/SM_Template_Map_Floor.ubulk" 609
"../../../Engine/Content/MapTemplates/SM_Template_Map_Floor.uasset" 610
"../../../Engine/Content/MapTemplates/SM_Template_Map_Floor.uexp" 611
"../../../Engine/Content/BasicShapes/Sphere.ubulk" 612
"../../../Engine/Content/BasicShapes/Sphere.uasset" 613
"../../../Engine/Content/BasicShapes/Sphere.uexp" 614
"../../../Engine/Content/BasicShapes/BasicShapeMaterial.uasset" 615
"../../../Engine/Content/BasicShapes/BasicShapeMaterial.uexp" 616
"G:/Unreal/Projects/Blaster/Content/Maps/Lobby_BuiltData.ubulk" 617
"G:/Unreal/Projects/Blaster/Content/Maps/Lobby_BuiltData.uasset" 618
"G:/Unreal/Projects/Blaster/Content/Maps/Lobby_BuiltData.uexp" 619
"G:/Unreal/Projects/Blaster/Content/Characters/Mannequins/Meshes/SK_Mannequin.uasset" 620
"G:/Unreal/Projects/Blaster/Content/Characters/Mannequins/Meshes/SK_Mannequin.uexp" 621
"G:/Unreal/Projects/Blaster/Content/Characters/Mannequins/Textures/Quinn/T_Quinn_02ID_MSR_MSK.ubulk" 622
"G:/Unreal/Projects/Blaster/Content/Characters/Mannequins/Textures/Quinn/T_Quinn_02ID_MSR_MSK.uasset" 623
"G:/Unreal/Projects/Blaster/Content/Characters/Mannequins/Textures/Quinn/T_Quinn_02ID_MSR_MSK.uexp" 624
"G:/Unreal/Projects/Blaster/Content/Characters/Mannequins/Textures/Quinn/T_Quinn_02ID_BN.ubulk" 625
"G:/Unreal/Projects/Blaster/Content/Characters/Mannequins/Textures/Quinn/T_Quinn_02ID_BN.uasset" 626
"G:/Unreal/Projects/Blaster/Content/Characters/Mannequins/Textures/Quinn/T_Quinn_02ID_BN.uexp" 627
"G:/Unreal/Projects/Blaster/Content/Characters/Mannequins/Textures/Quinn/T_Quinn_02_ASAOMASK_MSK.ubulk" 628
"G:/Unreal/Projects/Blaster/Content/Characters/Mannequins/Textures/Quinn/T_Quinn_02_ASAOMASK_MSK.uasset" 629
"G:/Unreal/Projects/Blaster/Content/Characters/Mannequins/Textures/Quinn/T_Quinn_02_ASAOMASK_MSK.uexp" 630
"G:/Unreal/Projects/Blaster/Content/Characters/Mannequins/Textures/Quinn/T_Quinn_02_CCRCCPlastic_MSK.ubulk" 631
"G:/Unreal/Projects/Blaster/Content/Characters/Mannequins/Textures/Quinn/T_Quinn_02_CCRCCPlastic_MSK.uasset" 632
"G:/Unreal/Projects/Blaster/Content/Characters/Mannequins/Textures/Quinn/T_Quinn_02_CCRCCPlastic_MSK.uexp" 633
"G:/Unreal/Projects/Blaster/Content/Characters/Mannequins/Textures/Quinn/T_Quinn_02ID_Tan.ubulk" 634
"G:/Unreal/Projects/Blaster/Content/Characters/Mannequins/Textures/Quinn/T_Quinn_02ID_Tan.uasset" 635
"G:/Unreal/Projects/Blaster/Content/Characters/Mannequins/Textures/Quinn/T_Quinn_02ID_Tan.uexp" 636
"G:/Unreal/Projects/Blaster/Content/Characters/Mannequins/Textures/Quinn/T_Quinn_02ID_D.ubulk" 637
"G:/Unreal/Projects/Blaster/Content/Characters/Mannequins/Textures/Quinn/T_Quinn_02ID_D.uasset" 638
"G:/Unreal/Projects/Blaster/Content/Characters/Mannequins/Textures/Quinn/T_Quinn_02ID_D.uexp" 639
"G:/Unreal/Projects/Blaster/Content/Characters/Mannequins/Textures/Quinn/T_Quinn_01ID_MSR_MSK.ubulk" 640
"G:/Unreal/Projects/Blaster/Content/Characters/Mannequins/Textures/Quinn/T_Quinn_01ID_MSR_MSK.uasset" 641
"G:/Unreal/Projects/Blaster/Content/Characters/Mannequins/Textures/Quinn/T_Quinn_01ID_MSR_MSK.uexp" 642
"G:/Unreal/Projects/Blaster/Content/Characters/Mannequins/Materials/Functions/ChromaticCurve.uasset" 643
"G:/Unreal/Projects/Blaster/Content/Characters/Mannequins/Materials/Functions/ChromaticCurve.uexp" 644
"G:/Unreal/Projects/Blaster/Content/Characters/Mannequins/Materials/Functions/CA_Mannequin.uasset" 645
"G:/Unreal/Projects/Blaster/Content/Characters/Mannequins/Materials/Functions/CA_Mannequin.uexp" 646
"G:/Unreal/Projects/Blaster/Content/Characters/Mannequins/Materials/Functions/MF_Diffraction.uasset" 647
"G:/Unreal/Projects/Blaster/Content/Characters/Mannequins/Materials/Functions/MF_Diffraction.uexp" 648
"G:/Unreal/Projects/Blaster/Content/Characters/Mannequins/Textures/Manny/T_Manny_01_N.ubulk" 649
"G:/Unreal/Projects/Blaster/Content/Characters/Mannequins/Textures/Manny/T_Manny_01_N.uasset" 650
"G:/Unreal/Projects/Blaster/Content/Characters/Mannequins/Textures/Manny/T_Manny_01_N.uexp" 651
"G:/Unreal/Projects/Blaster/Content/Characters/Mannequins/Materials/Functions/ML_BaseColorFallOff.uasset" 652
"G:/Unreal/Projects/Blaster/Content/Characters/Mannequins/Materials/Functions/ML_BaseColorFallOff.uexp" 653
"../../../Engine/Content/Functions/Engine_MaterialFunctions01/Texturing/ScaleUVsByCenter.uasset" 654
"../../../Engine/Content/Functions/Engine_MaterialFunctions01/Texturing/ScaleUVsByCenter.uexp" 655
"G:/Unreal/Projects/Blaster/Content/Characters/Mannequins/Textures/Shared/T_UE_Logo_M.uasset" 656
"G:/Unreal/Projects/Blaster/Content/Characters/Mannequins/Textures/Shared/T_UE_Logo_M.uexp" 657
"G:/Unreal/Projects/Blaster/Content/Characters/Mannequins/Materials/Functions/MF_logo3layers.uasset" 658
"G:/Unreal/Projects/Blaster/Content/Characters/Mannequins/Materials/Functions/MF_logo3layers.uexp" 659
"G:/Unreal/Projects/Blaster/Content/Characters/Mannequins/Textures/Manny/T_Manny_01_CCRCCPlastic_MSK.ubulk" 660
"G:/Unreal/Projects/Blaster/Content/Characters/Mannequins/Textures/Manny/T_Manny_01_CCRCCPlastic_MSK.uasset" 661
"G:/Unreal/Projects/Blaster/Content/Characters/Mannequins/Textures/Manny/T_Manny_01_CCRCCPlastic_MSK.uexp" 662
"G:/Unreal/Projects/Blaster/Content/Characters/Mannequins/Textures/Manny/T_Manny_01_ASAOPMASK_MSK.ubulk" 663
"G:/Unreal/Projects/Blaster/Content/Characters/Mannequins/Textures/Manny/T_Manny_01_ASAOPMASK_MSK.uasset" 664
"G:/Unreal/Projects/Blaster/Content/Characters/Mannequins/Textures/Manny/T_Manny_01_ASAOPMASK_MSK.uexp" 665
"G:/Unreal/Projects/Blaster/Content/Characters/Mannequins/Textures/Manny/T_Manny_01_MSR_MSK.ubulk" 666
"G:/Unreal/Projects/Blaster/Content/Characters/Mannequins/Textures/Manny/T_Manny_01_MSR_MSK.uasset" 667
"G:/Unreal/Projects/Blaster/Content/Characters/Mannequins/Textures/Manny/T_Manny_01_MSR_MSK.uexp" 668
"G:/Unreal/Projects/Blaster/Content/Characters/Mannequins/Textures/Manny/T_Manny_01_BN.ubulk" 669
"G:/Unreal/Projects/Blaster/Content/Characters/Mannequins/Textures/Manny/T_Manny_01_BN.uasset" 670
"G:/Unreal/Projects/Blaster/Content/Characters/Mannequins/Textures/Manny/T_Manny_01_BN.uexp" 671
"G:/Unreal/Projects/Blaster/Content/Characters/Mannequins/Textures/Manny/T_Manny_01_D.ubulk" 672
"G:/Unreal/Projects/Blaster/Content/Characters/Mannequins/Textures/Manny/T_Manny_01_D.uasset" 673
"G:/Unreal/Projects/Blaster/Content/Characters/Mannequins/Textures/Manny/T_Manny_01_D.uexp" 674
"G:/Unreal/Projects/Blaster/Content/Characters/Mannequins/Textures/Manny/T_Manny_01_Tan.ubulk" 675
"G:/Unreal/Projects/Blaster/Content/Characters/Mannequins/Textures/Manny/T_Manny_01_Tan.uasset" 676
"G:/Unreal/Projects/Blaster/Content/Characters/Mannequins/Textures/Manny/T_Manny_01_Tan.uexp" 677
"G:/Unreal/Projects/Blaster/Content/Characters/Mannequins/Materials/M_Mannequin.uasset" 678
"G:/Unreal/Projects/Blaster/Content/Characters/Mannequins/Materials/M_Mannequin.uexp" 679
"G:/Unreal/Projects/Blaster/Content/Characters/Mannequins/Textures/Quinn/T_Quinn_01_ASAOMASK_MSK.ubulk" 680
"G:/Unreal/Projects/Blaster/Content/Characters/Mannequins/Textures/Quinn/T_Quinn_01_ASAOMASK_MSK.uasset" 681
"G:/Unreal/Projects/Blaster/Content/Characters/Mannequins/Textures/Quinn/T_Quinn_01_ASAOMASK_MSK.uexp" 682
"G:/Unreal/Projects/Blaster/Content/Characters/Mannequins/Textures/Quinn/T_Quinn_01ID_N.ubulk" 683
"G:/Unreal/Projects/Blaster/Content/Characters/Mannequins/Textures/Quinn/T_Quinn_01ID_N.uasset" 684
"G:/Unreal/Projects/Blaster/Content/Characters/Mannequins/Textures/Quinn/T_Quinn_01ID_N.uexp" 685
"G:/Unreal/Projects/Blaster/Content/Characters/Mannequins/Textures/Quinn/T_Quinn_01ID_BN.ubulk" 686
"G:/Unreal/Projects/Blaster/Content/Characters/Mannequins/Textures/Quinn/T_Quinn_01ID_BN.uasset" 687
"G:/Unreal/Projects/Blaster/Content/Characters/Mannequins/Textures/Quinn/T_Quinn_01ID_BN.uexp" 688
"G:/Unreal/Projects/Blaster/Content/Characters/Mannequins/Textures/Quinn/T_Quinn_01ID_D.ubulk" 689
"G:/Unreal/Projects/Blaster/Content/Characters/Mannequins/Textures/Quinn/T_Quinn_01ID_D.uasset" 690
"G:/Unreal/Projects/Blaster/Content/Characters/Mannequins/Textures/Quinn/T_Quinn_01ID_D.uexp" 691
"G:/Unreal/Projects/Blaster/Content/Characters/Mannequins/Textures/Quinn/T_Quinn_01ID_Tan.ubulk" 692
"G:/Unreal/Projects/Blaster/Content/Characters/Mannequins/Textures/Quinn/T_Quinn_01ID_Tan.uasset" 693
"G:/Unreal/Projects/Blaster/Content/Characters/Mannequins/Textures/Quinn/T_Quinn_01ID_Tan.uexp" 694
"G:/Unreal/Projects/Blaster/Content/Characters/Mannequins/Textures/Quinn/T_Quinn_01_CCRCCPlastic_MSK.ubulk" 695
"G:/Unreal/Projects/Blaster/Content/Characters/Mannequins/Textures/Quinn/T_Quinn_01_CCRCCPlastic_MSK.uasset" 696
"G:/Unreal/Projects/Blaster/Content/Characters/Mannequins/Textures/Quinn/T_Quinn_01_CCRCCPlastic_MSK.uexp" 697
"G:/Unreal/Projects/Blaster/Content/Characters/Mannequins/Materials/Instances/Quinn/MI_Quinn_01.uasset" 698
"G:/Unreal/Projects/Blaster/Content/Characters/Mannequins/Materials/Instances/Quinn/MI_Quinn_01.uexp" 699
"G:/Unreal/Projects/Blaster/Content/Characters/Mannequins/Textures/Quinn/T_Quinn_02ID_N.ubulk" 700
"G:/Unreal/Projects/Blaster/Content/Characters/Mannequins/Textures/Quinn/T_Quinn_02ID_N.uasset" 701
"G:/Unreal/Projects/Blaster/Content/Characters/Mannequins/Textures/Quinn/T_Quinn_02ID_N.uexp" 702
"G:/Unreal/Projects/Blaster/Content/Characters/Mannequins/Materials/Instances/Quinn/MI_Quinn_02.uasset" 703
"G:/Unreal/Projects/Blaster/Content/Characters/Mannequins/Materials/Instances/Quinn/MI_Quinn_02.uexp" 704
"G:/Unreal/Projects/Blaster/Content/Characters/Mannequins/Rigs/PA_Mannequin.uasset" 705
"G:/Unreal/Projects/Blaster/Content/Characters/Mannequins/Rigs/PA_Mannequin.uexp" 706
"G:/Unreal/Projects/Blaster/Content/Characters/Mannequins/Meshes/SKM_Quinn_Simple.uasset" 707
"G:/Unreal/Projects/Blaster/Content/Characters/Mannequins/Meshes/SKM_Quinn_Simple.uexp" 708
"../../../Engine/Content/Animation/DefaultAnimCurveCompressionSettings.uasset" 709
"../../../Engine/Content/Animation/DefaultAnimCurveCompressionSettings.uexp" 710
"../../../Engine/Content/Animation/DefaultAnimBoneCompressionSettings.uasset" 711
"../../../Engine/Content/Animation/DefaultAnimBoneCompressionSettings.uexp" 712
"G:/Unreal/Projects/Blaster/Content/Characters/Mannequins/Animations/Quinn/MF_Run_Fwd.uasset" 713
"G:/Unreal/Projects/Blaster/Content/Characters/Mannequins/Animations/Quinn/MF_Run_Fwd.uexp" 714
"G:/Unreal/Projects/Blaster/Content/Characters/Mannequins/Animations/Quinn/MF_Walk_Fwd.uasset" 715
"G:/Unreal/Projects/Blaster/Content/Characters/Mannequins/Animations/Quinn/MF_Walk_Fwd.uexp" 716
"../../../Engine/Content/Animation/DefaultRecorderBoneCompression.uasset" 717
"../../../Engine/Content/Animation/DefaultRecorderBoneCompression.uexp" 718
"G:/Unreal/Projects/Blaster/Content/Characters/Mannequins/Animations/Manny/MM_Walk_InPlace.uasset" 719
"G:/Unreal/Projects/Blaster/Content/Characters/Mannequins/Animations/Manny/MM_Walk_InPlace.uexp" 720
"G:/Unreal/Projects/Blaster/Content/Characters/Mannequins/Animations/Quinn/BS_MF_Unarmed_WalkRun.uasset" 721
"G:/Unreal/Projects/Blaster/Content/Characters/Mannequins/Animations/Quinn/BS_MF_Unarmed_WalkRun.uexp" 722
"G:/Unreal/Projects/Blaster/Content/Characters/Mannequins/Animations/Quinn/MF_Idle.uasset" 723
"G:/Unreal/Projects/Blaster/Content/Characters/Mannequins/Animations/Quinn/MF_Idle.uexp" 724
"G:/Unreal/Projects/Blaster/Content/Characters/Mannequins/Animations/Manny/MM_Fall_Loop.uasset" 725
"G:/Unreal/Projects/Blaster/Content/Characters/Mannequins/Animations/Manny/MM_Fall_Loop.uexp" 726
"G:/Unreal/Projects/Blaster/Content/Characters/Mannequins/Animations/Manny/MM_Jump.uasset" 727
"G:/Unreal/Projects/Blaster/Content/Characters/Mannequins/Animations/Manny/MM_Jump.uexp" 728
"../../../Engine/Plugins/Animation/ControlRig/Content/Controls/DefaultGizmoLibrary.uasset" 729
"../../../Engine/Plugins/Animation/ControlRig/Content/Controls/DefaultGizmoLibrary.uexp" 730
"G:/Unreal/Projects/Blaster/Content/Characters/Mannequins/Rigs/CR_Mannequin_BasicFootIK.uasset" 731
"G:/Unreal/Projects/Blaster/Content/Characters/Mannequins/Rigs/CR_Mannequin_BasicFootIK.uexp" 732
"G:/Unreal/Projects/Blaster/Content/Characters/Mannequins/Animations/Manny/MM_Run_Fwd.uasset" 733
"G:/Unreal/Projects/Blaster/Content/Characters/Mannequins/Animations/Manny/MM_Run_Fwd.uexp" 734
"G:/Unreal/Projects/Blaster/Content/Characters/Mannequins/Animations/Manny/MM_Walk_Fwd.uasset" 735
"G:/Unreal/Projects/Blaster/Content/Characters/Mannequins/Animations/Manny/MM_Walk_Fwd.uexp" 736
"G:/Unreal/Projects/Blaster/Content/Characters/Mannequins/Animations/Manny/BS_MM_WalkRun.uasset" 737
"G:/Unreal/Projects/Blaster/Content/Characters/Mannequins/Animations/Manny/BS_MM_WalkRun.uexp" 738
"G:/Unreal/Projects/Blaster/Content/Characters/Mannequins/Animations/Manny/MM_Land.uasset" 739
"G:/Unreal/Projects/Blaster/Content/Characters/Mannequins/Animations/Manny/MM_Land.uexp" 740
"G:/Unreal/Projects/Blaster/Content/Characters/Mannequins/Animations/Manny/MM_Idle.uasset" 741
"G:/Unreal/Projects/Blaster/Content/Characters/Mannequins/Animations/Manny/MM_Idle.uexp" 742
"G:/Unreal/Projects/Blaster/Content/Characters/Mannequins/Animations/ABP_Manny.uasset" 743
"G:/Unreal/Projects/Blaster/Content/Characters/Mannequins/Animations/ABP_Manny.uexp" 744
"G:/Unreal/Projects/Blaster/Content/Characters/Mannequins/Animations/ABP_Quinn.uasset" 745
"G:/Unreal/Projects/Blaster/Content/Characters/Mannequins/Animations/ABP_Quinn.uexp" 746
"G:/Unreal/Projects/Blaster/Content/ThirdPerson/Blueprints/BP_ThirdPersonCharacter.uasset" 747
"G:/Unreal/Projects/Blaster/Content/ThirdPerson/Blueprints/BP_ThirdPersonCharacter.uexp" 748
"G:/Unreal/Projects/Blaster/Content/ThirdPerson/Blueprints/BP_ThirdPersonGameMode.uasset" 749
"G:/Unreal/Projects/Blaster/Content/ThirdPerson/Blueprints/BP_ThirdPersonGameMode.uexp" 750
"../../../Engine/Content/EngineSky/M_SimpleSkyDome.uasset" 751
"../../../Engine/Content/EngineSky/M_SimpleSkyDome.uexp" 752
"G:/Unreal/Projects/Blaster/Content/Maps/Lobby.uexp" 753
"G:/Unreal/Projects/Blaster/Content/Maps/Lobby.umap" 754
"G:/Unreal/Projects/Blaster/Content/Maps/Level_01_BuiltData.ubulk" 755
"G:/Unreal/Projects/Blaster/Content/Maps/Level_01_BuiltData.uasset" 756
"G:/Unreal/Projects/Blaster/Content/Maps/Level_01_BuiltData.uexp" 757
"G:/Unreal/Projects/Blaster/Plugins/MultiplayerSessions/Content/WBP_Menu.uasset" 758
"G:/Unreal/Projects/Blaster/Plugins/MultiplayerSessions/Content/WBP_Menu.uexp" 759
"G:/Unreal/Projects/Blaster/Content/Maps/Level_01.uexp" 760
"G:/Unreal/Projects/Blaster/Content/Maps/Level_01.umap" 761
